<?xml version="1.0" encoding="UTF-8"?>
<testng-results ignored="0" total="4" passed="4" failed="0" skipped="0">
  <reporter-output>
  </reporter-output>
  <suite started-at="2025-01-27T00:26:26 IST" name="Default suite" finished-at="2025-01-27T00:26:34 IST" duration-ms="7478">
    <groups>
      <group name="cucumber">
        <method signature="AbstractTestNGCucumberTests.runScenario(io.cucumber.testng.PickleWrapper,io.cucumber.testng.FeatureWrapper)[pri:0, instance:TestRunner.Runner@3fc2959f]" name="runScenario" class="io.cucumber.testng.AbstractTestNGCucumberTests"/>
      </group> <!-- cucumber -->
    </groups>
    <test started-at="2025-01-27T00:26:26 IST" name="Default test" finished-at="2025-01-27T00:26:34 IST" duration-ms="7478">
      <class name="TestRunner.Runner">
        <test-method is-config="true" signature="setUpClass(org.testng.ITestContext)[pri:0, instance:TestRunner.Runner@3fc2959f]" started-at="2025-01-27T00:26:26 IST" name="setUpClass" finished-at="2025-01-27T00:26:27 IST" duration-ms="595" status="PASS">
          <params>
            <param index="0">
              <value>
                <![CDATA[org.testng.TestRunner@372f0a99]]>
              </value>
            </param>
          </params>
          <reporter-output>
          </reporter-output>
        </test-method> <!-- setUpClass -->
        <test-method signature="runScenario(io.cucumber.testng.PickleWrapper,io.cucumber.testng.FeatureWrapper)[pri:0, instance:TestRunner.Runner@3fc2959f]" started-at="2025-01-27T00:26:27 IST" name="runScenario" description="Runs Cucumber Scenarios" data-provider="scenarios" finished-at="2025-01-27T00:26:33 IST" duration-ms="6152" status="PASS">
          <params>
            <param index="0">
              <value>
                <![CDATA["Personal Info Create Entity"]]>
              </value>
            </param>
            <param index="1">
              <value>
                <![CDATA["Test All personalInformation Api Endpoints using diff http requests"]]>
              </value>
            </param>
          </params>
          <reporter-output>
          </reporter-output>
        </test-method> <!-- runScenario -->
        <test-method signature="runScenario(io.cucumber.testng.PickleWrapper,io.cucumber.testng.FeatureWrapper)[pri:0, instance:TestRunner.Runner@3fc2959f]" started-at="2025-01-27T00:26:33 IST" name="runScenario" description="Runs Cucumber Scenarios" data-provider="scenarios" finished-at="2025-01-27T00:26:33 IST" duration-ms="275" status="PASS">
          <params>
            <param index="0">
              <value>
                <![CDATA["Personal Info Retrieve Entity"]]>
              </value>
            </param>
            <param index="1">
              <value>
                <![CDATA["Test All personalInformation Api Endpoints using diff http requests"]]>
              </value>
            </param>
          </params>
          <reporter-output>
          </reporter-output>
        </test-method> <!-- runScenario -->
        <test-method signature="runScenario(io.cucumber.testng.PickleWrapper,io.cucumber.testng.FeatureWrapper)[pri:0, instance:TestRunner.Runner@3fc2959f]" started-at="2025-01-27T00:26:33 IST" name="runScenario" description="Runs Cucumber Scenarios" data-provider="scenarios" finished-at="2025-01-27T00:26:34 IST" duration-ms="182" status="PASS">
          <params>
            <param index="0">
              <value>
                <![CDATA["Personal Info Update Entity"]]>
              </value>
            </param>
            <param index="1">
              <value>
                <![CDATA["Test All personalInformation Api Endpoints using diff http requests"]]>
              </value>
            </param>
          </params>
          <reporter-output>
          </reporter-output>
        </test-method> <!-- runScenario -->
        <test-method signature="runScenario(io.cucumber.testng.PickleWrapper,io.cucumber.testng.FeatureWrapper)[pri:0, instance:TestRunner.Runner@3fc2959f]" started-at="2025-01-27T00:26:34 IST" name="runScenario" description="Runs Cucumber Scenarios" data-provider="scenarios" finished-at="2025-01-27T00:26:34 IST" duration-ms="118" status="PASS">
          <params>
            <param index="0">
              <value>
                <![CDATA["Personal Info Delete Entity"]]>
              </value>
            </param>
            <param index="1">
              <value>
                <![CDATA["Test All personalInformation Api Endpoints using diff http requests"]]>
              </value>
            </param>
          </params>
          <reporter-output>
          </reporter-output>
        </test-method> <!-- runScenario -->
        <test-method is-config="true" signature="tearDownClass()[pri:0, instance:TestRunner.Runner@3fc2959f]" started-at="2025-01-27T00:26:34 IST" name="tearDownClass" finished-at="2025-01-27T00:26:34 IST" duration-ms="25" status="PASS">
          <reporter-output>
          </reporter-output>
        </test-method> <!-- tearDownClass -->
      </class> <!-- TestRunner.Runner -->
    </test> <!-- Default test -->
  </suite> <!-- Default suite -->
</testng-results>
